/Users/kotaro/test/141216_sp_device/ambientlight
/Users/kotaro/test/141216_sp_device/common
/Users/kotaro/test/141216_sp_device/compassheading
/Users/kotaro/test/141216_sp_device/devicemotion
/Users/kotaro/test/141216_sp_device/deviceorientation
/Users/kotaro/test/141216_sp_device/geolocation
/Users/kotaro/test/141216_sp_device/proximity
/Users/kotaro/test/141216_sp_device/vibration
/Users/kotaro/Dropbox (Personal)/00
/Users/kotaro/Dropbox (Personal)/01_CliantProjects
/Users/kotaro/Dropbox (Personal)/02_portforio
/Users/kotaro/Dropbox (Personal)/03_ownproject
/Users/kotaro/Dropbox (Personal)/04_CreativeCoding
/Users/kotaro/Dropbox (Personal)/25jan_2015
/Users/kotaro/Dropbox (Personal)/50_envsync
/Users/kotaro/Dropbox (Personal)/60_picture
/Users/kotaro/Dropbox (Personal)/70_books
/Users/kotaro/Dropbox (Personal)/71_music
/Users/kotaro/Dropbox (Personal)/80_learning
/Users/kotaro/Dropbox (Personal)/91_cv
/Users/kotaro/Dropbox (Personal)/99_private
/Users/kotaro/Dropbox (Personal)/From The Past For A Prologue
/Users/kotaro/Dropbox (Personal)/Lightroom
/Users/kotaro/Dropbox (Personal)/WeChatPayment
/Users/kotaro/test/BuildingBlocks
/Users/kotaro/test/centos
/Users/kotaro/test/chat-nodejs
/Users/kotaro/test/cssanimation
/Users/kotaro/test/firstaureliaapp
/Users/kotaro/test/Jw_cad-for-Mac
/Users/kotaro/test/node-login
/Users/kotaro/test/nodebox
/Users/kotaro/test/nodesever
/Users/kotaro/test/phpshell
/Users/kotaro/test/pythontest
/Users/kotaro/test/sitecake
/Users/kotaro/test/typetest
/Users/kotaro/test/ubuntu
/Users/kotaro/test/WatchUsBuild-ExpressAppWithTDD
/Users/test/Applications
/Users/test/Desktop
/Users/test/Documents
/Users/test/Downloads
/Users/test/Library
/Users/test/Movies
/Users/test/Music
/Users/test/Pictures
/Users/test/Public
/Users/kotaro/Dropbox (karabiner)/karabiner チームフォルダ/010_PJ/025_BNY_support/0000_PJ_template
/Users/kotaro/Dropbox (karabiner)/karabiner チームフォルダ/010_PJ/025_BNY_support/0111_E_MORE MARKDOWNS
/Users/kotaro/Dropbox (karabiner)/karabiner チームフォルダ/010_PJ/025_BNY_support/______PJ_2016
/Users/kotaro/Dropbox (karabiner)/karabiner チームフォルダ/010_PJ/025_BNY_support/RecievedData
/Users/kotaro/Dropbox (karabiner)/karabiner チームフォルダ/010_PJ/025_BNY_support/Schedule
/Users/kotaro/Dropbox (karabiner)/karabiner チームフォルダ/010_PJ/025_BNY_support/wiki
/Users/kotaro/Dropbox (karabiner)/karabiner チームフォルダ/010_PJ/025_BNY_support/www.barneys.co.jp
/Users/Guest
/Users/Shared
/Users/kotaro/Applications
/Users/kotaro/Creative Cloud Files
/Users/kotaro/db
/Users/kotaro/Desktop
/Users/kotaro/Documents
/Users/kotaro/Downloads
/Users/kotaro/gitrepos
/Users/kotaro/Library
/Users/kotaro/Movies
/Users/kotaro/Music
/Users/kotaro/Pictures
/Users/kotaro/Public
/Users/kotaro/PycharmProjects
/Users/kotaro/VirtualBox VMs
/Users/kotaro/Dropbox (karabiner)/karabiner チームフォルダ/010_PJ/029_Oi6_DD/01_resizingimgs
/Users/kotaro/Dropbox (karabiner)/karabiner チームフォルダ/010_PJ/029_Oi6_DD/99_Document
/Users/kotaro/Dropbox (karabiner)/karabiner チームフォルダ/010_PJ/029_Oi6_DD/images
/Users/kotaro/Dropbox (karabiner)/karabiner チームフォルダ/010_PJ/029_Oi6_DD/RecievedData
/Users/kotaro/Dropbox (karabiner)/karabiner チームフォルダ/010_PJ/021_Euglena
/Users/kotaro/Dropbox (karabiner)/karabiner チームフォルダ/010_PJ/023_ROSBD_LOOKBOOK
/Users/kotaro/Dropbox (karabiner)/karabiner チームフォルダ/010_PJ/026_Ninben
/Users/kotaro/Dropbox (karabiner)/karabiner チームフォルダ/010_PJ/027_cartquick_bny
/Users/kotaro/Dropbox (karabiner)/karabiner チームフォルダ/010_PJ/028_BNY_BrandAdd
/Users/kotaro/Dropbox (karabiner)/karabiner チームフォルダ/010_PJ/028_Oisix_front
/
/Users/kotaro/Dropbox (karabiner)/karabiner チームフォルダ
/Users/kotaro/Dropbox (karabiner)/ファイル リクエスト
/Users/kotaro/Dropbox (karabiner)
/Users/kotaro/Dropbox (karabiner)/karabiner チームフォルダ
/Users/kotaro/Dropbox (karabiner)/karabiner チームフォルダ/010_PJ
/Users
/Users/kotaro/Dropbox (karabiner)/karabiner チームフォルダ/010_PJ/029_Oi6_DD
/Users/kotaro/Dropbox (karabiner)/karabiner チームフォルダ/010_PJ/025_BNY_support
/Users/test
/Users/kotaro/Dropbox (Personal)
/Users/kotaro/test/gittest
/Users/kotaro/test
/Users/kotaro/test/141216_sp_device
/Users/kotaro
/Users/kotaro
